[debug] [2023-09-12T09:12:06.764Z] ----------------------------------------------------------------------
[debug] [2023-09-12T09:12:06.766Z] Command:       C:\Program Files\nodejs\node.exe C:\Users\402-18\AppData\Roaming\npm\node_modules\firebase-tools\lib\bin\firebase.js login
[debug] [2023-09-12T09:12:06.766Z] CLI Version:   12.5.3
[debug] [2023-09-12T09:12:06.766Z] Platform:      win32
[debug] [2023-09-12T09:12:06.767Z] Node Version:  v18.17.1
[debug] [2023-09-12T09:12:06.767Z] Time:          Tue Sep 12 2023 18:12:06 GMT+0900 (대한민국 표준시)
[debug] [2023-09-12T09:12:06.767Z] ----------------------------------------------------------------------
[debug] 
[info] i  Firebase optionally collects CLI and Emulator Suite usage and error reporting information to help improve our products. Data is collected in accordance with Google's privacy policy (https://policies.google.com/privacy) and is not used to identify you.
 
[info] i  To change your data collection preference at any time, run `firebase logout` and log in again. 
[info] 
[info] Visit this URL on this device to log in:
[info] https://accounts.google.com/o/oauth2/auth?client_id=563584335869-fgrhgmd47bqnekij5i8b5pr03ho849e6.apps.googleusercontent.com&scope=email%20openid%20https%3A%2F%2Fwww.googleapis.com%2Fauth%2Fcloudplatformprojects.readonly%20https%3A%2F%2Fwww.googleapis.com%2Fauth%2Ffirebase%20https%3A%2F%2Fwww.googleapis.com%2Fauth%2Fcloud-platform&response_type=code&state=500587103&redirect_uri=http%3A%2F%2Flocalhost%3A9005
[info] 
[info] Waiting for authentication...
[debug] [2023-09-12T09:12:11.581Z] Error: spawn cmd ENOENT
    at ChildProcess._handle.onexit (node:internal/child_process:283:19)
    at onErrorNT (node:internal/child_process:476:16)
    at process.processTicksAndRejections (node:internal/process/task_queues:82:21)
[error] 
[error] Error: An unexpected error has occurred.
[debug] [2023-09-12T09:17:51.766Z] ----------------------------------------------------------------------
[debug] [2023-09-12T09:17:51.767Z] Command:       C:\Program Files\nodejs\node.exe C:\Users\402-18\AppData\Roaming\npm\node_modules\firebase-tools\lib\bin\firebase.js login
[debug] [2023-09-12T09:17:51.768Z] CLI Version:   12.5.3
[debug] [2023-09-12T09:17:51.768Z] Platform:      win32
[debug] [2023-09-12T09:17:51.768Z] Node Version:  v18.17.1
[debug] [2023-09-12T09:17:51.769Z] Time:          Tue Sep 12 2023 18:17:51 GMT+0900 (대한민국 표준시)
[debug] [2023-09-12T09:17:51.769Z] ----------------------------------------------------------------------
[debug] 
[info] i  Firebase optionally collects CLI and Emulator Suite usage and error reporting information to help improve our products. Data is collected in accordance with Google's privacy policy (https://policies.google.com/privacy) and is not used to identify you.
 
[info] i  To change your data collection preference at any time, run `firebase logout` and log in again. 
[info] 
[info] Visit this URL on this device to log in:
[info] https://accounts.google.com/o/oauth2/auth?client_id=563584335869-fgrhgmd47bqnekij5i8b5pr03ho849e6.apps.googleusercontent.com&scope=email%20openid%20https%3A%2F%2Fwww.googleapis.com%2Fauth%2Fcloudplatformprojects.readonly%20https%3A%2F%2Fwww.googleapis.com%2Fauth%2Ffirebase%20https%3A%2F%2Fwww.googleapis.com%2Fauth%2Fcloud-platform&response_type=code&state=758121613&redirect_uri=http%3A%2F%2Flocalhost%3A9005
[info] 
[info] Waiting for authentication...
[debug] [2023-09-12T09:17:54.586Z] Error: spawn cmd ENOENT
    at ChildProcess._handle.onexit (node:internal/child_process:283:19)
    at onErrorNT (node:internal/child_process:476:16)
    at process.processTicksAndRejections (node:internal/process/task_queues:82:21)
[error] 
[error] Error: An unexpected error has occurred.
